This is XeTeX, Version 3.141592653-2.6-0.999996 (TeX Live 2024) (preloaded format=xelatex 2024.12.8)  29 OCT 2025 19:43
entering extended mode
 restricted \write18 enabled.
 file:line:error style messages enabled.
 %&-line parsing enabled.
**后端实习-saas+oj-2页.tex
(./后端实习-saas+oj-2页.tex
LaTeX2e <2023-11-01> patch level 1
L3 programming layer <2024-02-20>
(../../styles/resume.cls

LaTeX Warning: You have requested document class `../../styles/resume',
               but the document class provides `resume'.

Document Class: resume 2015/05/25 An elegant Résumé class
(e:/toolsDoc/latex/texlive/2024/texmf-dist/tex/latex/base/article.cls
Document Class: article 2023/05/17 v1.4n Standard LaTeX document class
(e:/toolsDoc/latex/texlive/2024/texmf-dist/tex/latex/base/size11.clo
File: size11.clo 2023/05/17 v1.4n Standard LaTeX file (size option)
)
\c@part=\count184
\c@section=\count185
\c@subsection=\count186
\c@subsubsection=\count187
\c@paragraph=\count188
\c@subparagraph=\count189
\c@figure=\count190
\c@table=\count191
\abovecaptionskip=\skip48
\belowcaptionskip=\skip49
\bibindent=\dimen140
)
(e:/toolsDoc/latex/texlive/2024/texmf-dist/tex/xelatex/xltxtra/xltxtra.sty
Package: xltxtra 2018/12/31 v0.7 Improvements for the "XeLaTeX" format

(e:/toolsDoc/latex/texlive/2024/texmf-dist/tex/generic/iftex/ifluatex.sty
Package: ifluatex 2019/10/25 v1.5 ifluatex legacy package. Use iftex instead.

(e:/toolsDoc/latex/texlive/2024/texmf-dist/tex/generic/iftex/iftex.sty
Package: iftex 2022/02/03 v1.0f TeX engine tests
))
(e:/toolsDoc/latex/texlive/2024/texmf-dist/tex/generic/iftex/ifxetex.sty
Package: ifxetex 2019/10/25 v0.7 ifxetex legacy package. Use iftex instead.
)
(e:/toolsDoc/latex/texlive/2024/texmf-dist/tex/latex/fontspec/fontspec.sty
(e:/toolsDoc/latex/texlive/2024/texmf-dist/tex/latex/l3packages/xparse/xparse.s
ty (e:/toolsDoc/latex/texlive/2024/texmf-dist/tex/latex/l3kernel/expl3.sty
Package: expl3 2024-02-20 L3 programming layer (loader) 

(e:/toolsDoc/latex/texlive/2024/texmf-dist/tex/latex/l3backend/l3backend-xetex.
def
File: l3backend-xetex.def 2024-02-20 L3 backend support: XeTeX
\g__graphics_track_int=\count192
\l__pdf_internal_box=\box51
\g__pdf_backend_object_int=\count193
\g__pdf_backend_annotation_int=\count194
\g__pdf_backend_link_int=\count195
))
Package: xparse 2024-02-18 L3 Experimental document command parser
)
Package: fontspec 2024/02/13 v2.9a Font selection for XeLaTeX and LuaLaTeX

(e:/toolsDoc/latex/texlive/2024/texmf-dist/tex/latex/fontspec/fontspec-xetex.st
y
Package: fontspec-xetex 2024/02/13 v2.9a Font selection for XeLaTeX and LuaLaTe
X
\l__fontspec_script_int=\count196
\l__fontspec_language_int=\count197
\l__fontspec_strnum_int=\count198
\l__fontspec_tmp_int=\count199
\l__fontspec_tmpa_int=\count266
\l__fontspec_tmpb_int=\count267
\l__fontspec_tmpc_int=\count268
\l__fontspec_em_int=\count269
\l__fontspec_emdef_int=\count270
\l__fontspec_strong_int=\count271
\l__fontspec_strongdef_int=\count272
\l__fontspec_tmpa_dim=\dimen141
\l__fontspec_tmpb_dim=\dimen142
\l__fontspec_tmpc_dim=\dimen143
 (e:/toolsDoc/latex/texlive/2024/texmf-dist/tex/latex/base/fontenc.sty
Package: fontenc 2021/04/29 v2.0v Standard LaTeX package
)
(e:/toolsDoc/latex/texlive/2024/texmf-dist/tex/latex/fontspec/fontspec.cfg)))
(e:/toolsDoc/latex/texlive/2024/texmf-dist/tex/latex/realscripts/realscripts.st
y
Package: realscripts 2016/02/13 v0.3d Access OpenType subscripts and superscrip
ts
\subsupersep=\dimen144
) (e:/toolsDoc/latex/texlive/2024/texmf-dist/tex/latex/metalogo/metalogo.sty
Package: metalogo 2010/05/29 v0.12 Extended TeX logo macros

(e:/toolsDoc/latex/texlive/2024/texmf-dist/tex/latex/graphics/graphicx.sty
Package: graphicx 2021/09/16 v1.2d Enhanced LaTeX Graphics (DPC,SPQR)

(e:/toolsDoc/latex/texlive/2024/texmf-dist/tex/latex/graphics/keyval.sty
Package: keyval 2022/05/29 v1.15 key=value parser (DPC)
\KV@toks@=\toks17
)
(e:/toolsDoc/latex/texlive/2024/texmf-dist/tex/latex/graphics/graphics.sty
Package: graphics 2022/03/10 v1.4e Standard LaTeX Graphics (DPC,SPQR)

(e:/toolsDoc/latex/texlive/2024/texmf-dist/tex/latex/graphics/trig.sty
Package: trig 2021/08/11 v1.11 sin cos tan (DPC)
)
(e:/toolsDoc/latex/texlive/2024/texmf-dist/tex/latex/graphics-cfg/graphics.cfg
File: graphics.cfg 2016/06/04 v1.11 sample graphics configuration
)
Package graphics Info: Driver file: xetex.def on input line 107.
(e:/toolsDoc/latex/texlive/2024/texmf-dist/tex/latex/graphics-def/xetex.def
File: xetex.def 2022/09/22 v5.0n Graphics/color driver for xetex
))
\Gin@req@height=\dimen145
\Gin@req@width=\dimen146
)
\xl@everylogo=\toks18
\xl@@everylogo=\toks19
LaTeX Info: Redefining \TeX on input line 193.
LaTeX Info: Redefining \LaTeX on input line 202.
LaTeX Info: Redefining \LaTeXe on input line 219.
)
\l__xetex_show_hyphens_wrapping_box=\box52
\l__xetex_show_hyphens_temp_box=\box53
\l__xetex_show_hyphens_final_box=\box54
\g__xetex_show_hyphens_word_box=\box55
) (e:/toolsDoc/latex/texlive/2024/texmf-dist/tex/latex/xifthen/xifthen.sty
Package: xifthen 2015/11/05 v1.4.0 Extended ifthen features

(e:/toolsDoc/latex/texlive/2024/texmf-dist/tex/latex/tools/calc.sty
Package: calc 2023/07/08 v4.3 Infix arithmetic (KKT,FJ)
\calc@Acount=\count273
\calc@Bcount=\count274
\calc@Adimen=\dimen147
\calc@Bdimen=\dimen148
\calc@Askip=\skip50
\calc@Bskip=\skip51
LaTeX Info: Redefining \setlength on input line 80.
LaTeX Info: Redefining \addtolength on input line 81.
\calc@Ccount=\count275
\calc@Cskip=\skip52
)
(e:/toolsDoc/latex/texlive/2024/texmf-dist/tex/latex/base/ifthen.sty
Package: ifthen 2022/04/13 v1.1d Standard LaTeX ifthen package (DPC)
)
(e:/toolsDoc/latex/texlive/2024/texmf-dist/tex/latex/ifmtarg/ifmtarg.sty
Package: ifmtarg 2018/04/16 v1.2b check for an empty argument
))
(e:/toolsDoc/latex/texlive/2024/texmf-dist/tex/latex/progressbar/progressbar.st
y
Package: progressbar 2014/05/04 v1.0b~4: progressbar

(e:/toolsDoc/latex/texlive/2024/texmf-dist/tex/latex/pgf/frontendlayer/tikz.sty
(e:/toolsDoc/latex/texlive/2024/texmf-dist/tex/latex/pgf/basiclayer/pgf.sty
(e:/toolsDoc/latex/texlive/2024/texmf-dist/tex/latex/pgf/utilities/pgfrcs.sty
(e:/toolsDoc/latex/texlive/2024/texmf-dist/tex/generic/pgf/utilities/pgfutil-co
mmon.tex
\pgfutil@everybye=\toks20
\pgfutil@tempdima=\dimen149
\pgfutil@tempdimb=\dimen150
)
(e:/toolsDoc/latex/texlive/2024/texmf-dist/tex/generic/pgf/utilities/pgfutil-la
tex.def
\pgfutil@abb=\box56
)
(e:/toolsDoc/latex/texlive/2024/texmf-dist/tex/generic/pgf/utilities/pgfrcs.cod
e.tex
(e:/toolsDoc/latex/texlive/2024/texmf-dist/tex/generic/pgf/pgf.revision.tex)
Package: pgfrcs 2023-01-15 v3.1.10 (3.1.10)
))
Package: pgf 2023-01-15 v3.1.10 (3.1.10)

(e:/toolsDoc/latex/texlive/2024/texmf-dist/tex/latex/pgf/basiclayer/pgfcore.sty

(e:/toolsDoc/latex/texlive/2024/texmf-dist/tex/latex/pgf/systemlayer/pgfsys.sty

(e:/toolsDoc/latex/texlive/2024/texmf-dist/tex/generic/pgf/systemlayer/pgfsys.c
ode.tex
Package: pgfsys 2023-01-15 v3.1.10 (3.1.10)

(e:/toolsDoc/latex/texlive/2024/texmf-dist/tex/generic/pgf/utilities/pgfkeys.co
de.tex
\pgfkeys@pathtoks=\toks21
\pgfkeys@temptoks=\toks22

(e:/toolsDoc/latex/texlive/2024/texmf-dist/tex/generic/pgf/utilities/pgfkeyslib
raryfiltered.code.tex
\pgfkeys@tmptoks=\toks23
))
\pgf@x=\dimen151
\pgf@y=\dimen152
\pgf@xa=\dimen153
\pgf@ya=\dimen154
\pgf@xb=\dimen155
\pgf@yb=\dimen156
\pgf@xc=\dimen157
\pgf@yc=\dimen158
\pgf@xd=\dimen159
\pgf@yd=\dimen160
\w@pgf@writea=\write3
\r@pgf@reada=\read2
\c@pgf@counta=\count276
\c@pgf@countb=\count277
\c@pgf@countc=\count278
\c@pgf@countd=\count279
\t@pgf@toka=\toks24
\t@pgf@tokb=\toks25
\t@pgf@tokc=\toks26
\pgf@sys@id@count=\count280

(e:/toolsDoc/latex/texlive/2024/texmf-dist/tex/generic/pgf/systemlayer/pgf.cfg
File: pgf.cfg 2023-01-15 v3.1.10 (3.1.10)
)
Driver file for pgf: pgfsys-xetex.def

(e:/toolsDoc/latex/texlive/2024/texmf-dist/tex/generic/pgf/systemlayer/pgfsys-x
etex.def
File: pgfsys-xetex.def 2023-01-15 v3.1.10 (3.1.10)

(e:/toolsDoc/latex/texlive/2024/texmf-dist/tex/generic/pgf/systemlayer/pgfsys-d
vipdfmx.def
File: pgfsys-dvipdfmx.def 2023-01-15 v3.1.10 (3.1.10)

(e:/toolsDoc/latex/texlive/2024/texmf-dist/tex/generic/pgf/systemlayer/pgfsys-c
ommon-pdf.def
File: pgfsys-common-pdf.def 2023-01-15 v3.1.10 (3.1.10)
)
\pgfsys@objnum=\count281
)))
(e:/toolsDoc/latex/texlive/2024/texmf-dist/tex/generic/pgf/systemlayer/pgfsysso
ftpath.code.tex
File: pgfsyssoftpath.code.tex 2023-01-15 v3.1.10 (3.1.10)
\pgfsyssoftpath@smallbuffer@items=\count282
\pgfsyssoftpath@bigbuffer@items=\count283
)
(e:/toolsDoc/latex/texlive/2024/texmf-dist/tex/generic/pgf/systemlayer/pgfsyspr
otocol.code.tex
File: pgfsysprotocol.code.tex 2023-01-15 v3.1.10 (3.1.10)
))
(e:/toolsDoc/latex/texlive/2024/texmf-dist/tex/latex/xcolor/xcolor.sty
Package: xcolor 2023/11/15 v3.01 LaTeX color extensions (UK)

(e:/toolsDoc/latex/texlive/2024/texmf-dist/tex/latex/graphics-cfg/color.cfg
File: color.cfg 2016/01/02 v1.6 sample color configuration
)
Package xcolor Info: Driver file: xetex.def on input line 274.

(e:/toolsDoc/latex/texlive/2024/texmf-dist/tex/latex/graphics/mathcolor.ltx)
Package xcolor Info: Model `cmy' substituted by `cmy0' on input line 1350.
Package xcolor Info: Model `RGB' extended on input line 1366.
Package xcolor Info: Model `HTML' substituted by `rgb' on input line 1368.
Package xcolor Info: Model `Hsb' substituted by `hsb' on input line 1369.
Package xcolor Info: Model `tHsb' substituted by `hsb' on input line 1370.
Package xcolor Info: Model `HSB' substituted by `hsb' on input line 1371.
Package xcolor Info: Model `Gray' substituted by `gray' on input line 1372.
Package xcolor Info: Model `wave' substituted by `hsb' on input line 1373.
)
(e:/toolsDoc/latex/texlive/2024/texmf-dist/tex/generic/pgf/basiclayer/pgfcore.c
ode.tex
Package: pgfcore 2023-01-15 v3.1.10 (3.1.10)

(e:/toolsDoc/latex/texlive/2024/texmf-dist/tex/generic/pgf/math/pgfmath.code.te
x
(e:/toolsDoc/latex/texlive/2024/texmf-dist/tex/generic/pgf/math/pgfmathutil.cod
e.tex)
(e:/toolsDoc/latex/texlive/2024/texmf-dist/tex/generic/pgf/math/pgfmathparser.c
ode.tex
\pgfmath@dimen=\dimen161
\pgfmath@count=\count284
\pgfmath@box=\box57
\pgfmath@toks=\toks27
\pgfmath@stack@operand=\toks28
\pgfmath@stack@operation=\toks29
)
(e:/toolsDoc/latex/texlive/2024/texmf-dist/tex/generic/pgf/math/pgfmathfunction
s.code.tex)
(e:/toolsDoc/latex/texlive/2024/texmf-dist/tex/generic/pgf/math/pgfmathfunction
s.basic.code.tex)
(e:/toolsDoc/latex/texlive/2024/texmf-dist/tex/generic/pgf/math/pgfmathfunction
s.trigonometric.code.tex)
(e:/toolsDoc/latex/texlive/2024/texmf-dist/tex/generic/pgf/math/pgfmathfunction
s.random.code.tex)
(e:/toolsDoc/latex/texlive/2024/texmf-dist/tex/generic/pgf/math/pgfmathfunction
s.comparison.code.tex)
(e:/toolsDoc/latex/texlive/2024/texmf-dist/tex/generic/pgf/math/pgfmathfunction
s.base.code.tex)
(e:/toolsDoc/latex/texlive/2024/texmf-dist/tex/generic/pgf/math/pgfmathfunction
s.round.code.tex)
(e:/toolsDoc/latex/texlive/2024/texmf-dist/tex/generic/pgf/math/pgfmathfunction
s.misc.code.tex)
(e:/toolsDoc/latex/texlive/2024/texmf-dist/tex/generic/pgf/math/pgfmathfunction
s.integerarithmetics.code.tex)
(e:/toolsDoc/latex/texlive/2024/texmf-dist/tex/generic/pgf/math/pgfmathcalc.cod
e.tex)
(e:/toolsDoc/latex/texlive/2024/texmf-dist/tex/generic/pgf/math/pgfmathfloat.co
de.tex
\c@pgfmathroundto@lastzeros=\count285
))
(e:/toolsDoc/latex/texlive/2024/texmf-dist/tex/generic/pgf/math/pgfint.code.tex
)
(e:/toolsDoc/latex/texlive/2024/texmf-dist/tex/generic/pgf/basiclayer/pgfcorepo
ints.code.tex
File: pgfcorepoints.code.tex 2023-01-15 v3.1.10 (3.1.10)
\pgf@picminx=\dimen162
\pgf@picmaxx=\dimen163
\pgf@picminy=\dimen164
\pgf@picmaxy=\dimen165
\pgf@pathminx=\dimen166
\pgf@pathmaxx=\dimen167
\pgf@pathminy=\dimen168
\pgf@pathmaxy=\dimen169
\pgf@xx=\dimen170
\pgf@xy=\dimen171
\pgf@yx=\dimen172
\pgf@yy=\dimen173
\pgf@zx=\dimen174
\pgf@zy=\dimen175
)
(e:/toolsDoc/latex/texlive/2024/texmf-dist/tex/generic/pgf/basiclayer/pgfcorepa
thconstruct.code.tex
File: pgfcorepathconstruct.code.tex 2023-01-15 v3.1.10 (3.1.10)
\pgf@path@lastx=\dimen176
\pgf@path@lasty=\dimen177
)
(e:/toolsDoc/latex/texlive/2024/texmf-dist/tex/generic/pgf/basiclayer/pgfcorepa
thusage.code.tex
File: pgfcorepathusage.code.tex 2023-01-15 v3.1.10 (3.1.10)
\pgf@shorten@end@additional=\dimen178
\pgf@shorten@start@additional=\dimen179
)
(e:/toolsDoc/latex/texlive/2024/texmf-dist/tex/generic/pgf/basiclayer/pgfcoresc
opes.code.tex
File: pgfcorescopes.code.tex 2023-01-15 v3.1.10 (3.1.10)
\pgfpic=\box58
\pgf@hbox=\box59
\pgf@layerbox@main=\box60
\pgf@picture@serial@count=\count286
)
(e:/toolsDoc/latex/texlive/2024/texmf-dist/tex/generic/pgf/basiclayer/pgfcoregr
aphicstate.code.tex
File: pgfcoregraphicstate.code.tex 2023-01-15 v3.1.10 (3.1.10)
\pgflinewidth=\dimen180
)
(e:/toolsDoc/latex/texlive/2024/texmf-dist/tex/generic/pgf/basiclayer/pgfcoretr
ansformations.code.tex
File: pgfcoretransformations.code.tex 2023-01-15 v3.1.10 (3.1.10)
\pgf@pt@x=\dimen181
\pgf@pt@y=\dimen182
\pgf@pt@temp=\dimen183
)
(e:/toolsDoc/latex/texlive/2024/texmf-dist/tex/generic/pgf/basiclayer/pgfcorequ
ick.code.tex
File: pgfcorequick.code.tex 2023-01-15 v3.1.10 (3.1.10)
)
(e:/toolsDoc/latex/texlive/2024/texmf-dist/tex/generic/pgf/basiclayer/pgfcoreob
jects.code.tex
File: pgfcoreobjects.code.tex 2023-01-15 v3.1.10 (3.1.10)
)
(e:/toolsDoc/latex/texlive/2024/texmf-dist/tex/generic/pgf/basiclayer/pgfcorepa
thprocessing.code.tex
File: pgfcorepathprocessing.code.tex 2023-01-15 v3.1.10 (3.1.10)
)
(e:/toolsDoc/latex/texlive/2024/texmf-dist/tex/generic/pgf/basiclayer/pgfcorear
rows.code.tex
File: pgfcorearrows.code.tex 2023-01-15 v3.1.10 (3.1.10)
\pgfarrowsep=\dimen184
)
(e:/toolsDoc/latex/texlive/2024/texmf-dist/tex/generic/pgf/basiclayer/pgfcoresh
ade.code.tex
File: pgfcoreshade.code.tex 2023-01-15 v3.1.10 (3.1.10)
\pgf@max=\dimen185
\pgf@sys@shading@range@num=\count287
\pgf@shadingcount=\count288
)
(e:/toolsDoc/latex/texlive/2024/texmf-dist/tex/generic/pgf/basiclayer/pgfcoreim
age.code.tex
File: pgfcoreimage.code.tex 2023-01-15 v3.1.10 (3.1.10)
)
(e:/toolsDoc/latex/texlive/2024/texmf-dist/tex/generic/pgf/basiclayer/pgfcoreex
ternal.code.tex
File: pgfcoreexternal.code.tex 2023-01-15 v3.1.10 (3.1.10)
\pgfexternal@startupbox=\box61
)
(e:/toolsDoc/latex/texlive/2024/texmf-dist/tex/generic/pgf/basiclayer/pgfcorela
yers.code.tex
File: pgfcorelayers.code.tex 2023-01-15 v3.1.10 (3.1.10)
)
(e:/toolsDoc/latex/texlive/2024/texmf-dist/tex/generic/pgf/basiclayer/pgfcoretr
ansparency.code.tex
File: pgfcoretransparency.code.tex 2023-01-15 v3.1.10 (3.1.10)
)
(e:/toolsDoc/latex/texlive/2024/texmf-dist/tex/generic/pgf/basiclayer/pgfcorepa
tterns.code.tex
File: pgfcorepatterns.code.tex 2023-01-15 v3.1.10 (3.1.10)
)
(e:/toolsDoc/latex/texlive/2024/texmf-dist/tex/generic/pgf/basiclayer/pgfcorerd
f.code.tex
File: pgfcorerdf.code.tex 2023-01-15 v3.1.10 (3.1.10)
)))
(e:/toolsDoc/latex/texlive/2024/texmf-dist/tex/generic/pgf/modules/pgfmodulesha
pes.code.tex
File: pgfmoduleshapes.code.tex 2023-01-15 v3.1.10 (3.1.10)
\pgfnodeparttextbox=\box62
)
(e:/toolsDoc/latex/texlive/2024/texmf-dist/tex/generic/pgf/modules/pgfmoduleplo
t.code.tex
File: pgfmoduleplot.code.tex 2023-01-15 v3.1.10 (3.1.10)
)
(e:/toolsDoc/latex/texlive/2024/texmf-dist/tex/latex/pgf/compatibility/pgfcomp-
version-0-65.sty
Package: pgfcomp-version-0-65 2023-01-15 v3.1.10 (3.1.10)
\pgf@nodesepstart=\dimen186
\pgf@nodesepend=\dimen187
)
(e:/toolsDoc/latex/texlive/2024/texmf-dist/tex/latex/pgf/compatibility/pgfcomp-
version-1-18.sty
Package: pgfcomp-version-1-18 2023-01-15 v3.1.10 (3.1.10)
))
(e:/toolsDoc/latex/texlive/2024/texmf-dist/tex/latex/pgf/utilities/pgffor.sty
(e:/toolsDoc/latex/texlive/2024/texmf-dist/tex/latex/pgf/utilities/pgfkeys.sty
(e:/toolsDoc/latex/texlive/2024/texmf-dist/tex/generic/pgf/utilities/pgfkeys.co
de.tex))
(e:/toolsDoc/latex/texlive/2024/texmf-dist/tex/latex/pgf/math/pgfmath.sty
(e:/toolsDoc/latex/texlive/2024/texmf-dist/tex/generic/pgf/math/pgfmath.code.te
x))
(e:/toolsDoc/latex/texlive/2024/texmf-dist/tex/generic/pgf/utilities/pgffor.cod
e.tex
Package: pgffor 2023-01-15 v3.1.10 (3.1.10)
\pgffor@iter=\dimen188
\pgffor@skip=\dimen189
\pgffor@stack=\toks30
\pgffor@toks=\toks31
))
(e:/toolsDoc/latex/texlive/2024/texmf-dist/tex/generic/pgf/frontendlayer/tikz/t
ikz.code.tex
Package: tikz 2023-01-15 v3.1.10 (3.1.10)

(e:/toolsDoc/latex/texlive/2024/texmf-dist/tex/generic/pgf/libraries/pgflibrary
plothandlers.code.tex
File: pgflibraryplothandlers.code.tex 2023-01-15 v3.1.10 (3.1.10)
\pgf@plot@mark@count=\count289
\pgfplotmarksize=\dimen190
)
\tikz@lastx=\dimen191
\tikz@lasty=\dimen192
\tikz@lastxsaved=\dimen193
\tikz@lastysaved=\dimen194
\tikz@lastmovetox=\dimen195
\tikz@lastmovetoy=\dimen196
\tikzleveldistance=\dimen197
\tikzsiblingdistance=\dimen198
\tikz@figbox=\box63
\tikz@figbox@bg=\box64
\tikz@tempbox=\box65
\tikz@tempbox@bg=\box66
\tikztreelevel=\count290
\tikznumberofchildren=\count291
\tikznumberofcurrentchild=\count292
\tikz@fig@count=\count293

(e:/toolsDoc/latex/texlive/2024/texmf-dist/tex/generic/pgf/modules/pgfmodulemat
rix.code.tex
File: pgfmodulematrix.code.tex 2023-01-15 v3.1.10 (3.1.10)
\pgfmatrixcurrentrow=\count294
\pgfmatrixcurrentcolumn=\count295
\pgf@matrix@numberofcolumns=\count296
)
\tikz@expandcount=\count297

(e:/toolsDoc/latex/texlive/2024/texmf-dist/tex/generic/pgf/frontendlayer/tikz/l
ibraries/tikzlibrarytopaths.code.tex
File: tikzlibrarytopaths.code.tex 2023-01-15 v3.1.10 (3.1.10)
)))
(e:/toolsDoc/latex/texlive/2024/texmf-dist/tex/latex/kvoptions/kvoptions.sty
Package: kvoptions 2022-06-15 v3.15 Key value format for package options (HO)

(e:/toolsDoc/latex/texlive/2024/texmf-dist/tex/generic/ltxcmds/ltxcmds.sty
Package: ltxcmds 2023-12-04 v1.26 LaTeX kernel commands for general use (HO)
)
(e:/toolsDoc/latex/texlive/2024/texmf-dist/tex/latex/kvsetkeys/kvsetkeys.sty
Package: kvsetkeys 2022-10-05 v1.19 Key value parser (HO)
))
\BarWidth=\skip53
\BarWidthCenter=\skip54
\BarHeight=\skip55
\BarHeightCenter=\skip56
\BarBorderWidth=\skip57
\BarRoundedCorners=\skip58
\BarPartWidth=\skip59
\BarSubDivisionsWidthANU=\skip60
\BarSubDivisionsWidthBNU=\skip61
\BarSubDivisionsWidthCNU=\skip62
\c@progressbar@counter=\count298
) (e:/toolsDoc/latex/texlive/2024/texmf-dist/tex/latex/hyperref/hyperref.sty
Package: hyperref 2024-01-20 v7.01h Hypertext links for LaTeX

(e:/toolsDoc/latex/texlive/2024/texmf-dist/tex/generic/kvdefinekeys/kvdefinekey
s.sty
Package: kvdefinekeys 2019-12-19 v1.6 Define keys (HO)
)
(e:/toolsDoc/latex/texlive/2024/texmf-dist/tex/generic/pdfescape/pdfescape.sty
Package: pdfescape 2019/12/09 v1.15 Implements pdfTeX's escape features (HO)

(e:/toolsDoc/latex/texlive/2024/texmf-dist/tex/generic/pdftexcmds/pdftexcmds.st
y
Package: pdftexcmds 2020-06-27 v0.33 Utility functions of pdfTeX for LuaTeX (HO
)

(e:/toolsDoc/latex/texlive/2024/texmf-dist/tex/generic/infwarerr/infwarerr.sty
Package: infwarerr 2019/12/03 v1.5 Providing info/warning/error messages (HO)
)
Package pdftexcmds Info: \pdf@primitive is available.
Package pdftexcmds Info: \pdf@ifprimitive is available.
Package pdftexcmds Info: \pdfdraftmode not found.
)) (e:/toolsDoc/latex/texlive/2024/texmf-dist/tex/latex/hycolor/hycolor.sty
Package: hycolor 2020-01-27 v1.10 Color options for hyperref/bookmark (HO)
)
(e:/toolsDoc/latex/texlive/2024/texmf-dist/tex/latex/auxhook/auxhook.sty
Package: auxhook 2019-12-17 v1.6 Hooks for auxiliary files (HO)
)
(e:/toolsDoc/latex/texlive/2024/texmf-dist/tex/latex/hyperref/nameref.sty
Package: nameref 2023-11-26 v2.56 Cross-referencing by name of section

(e:/toolsDoc/latex/texlive/2024/texmf-dist/tex/latex/refcount/refcount.sty
Package: refcount 2019/12/15 v3.6 Data extraction from label references (HO)
)
(e:/toolsDoc/latex/texlive/2024/texmf-dist/tex/generic/gettitlestring/gettitles
tring.sty
Package: gettitlestring 2019/12/15 v1.6 Cleanup title references (HO)
)
\c@section@level=\count299
)
(e:/toolsDoc/latex/texlive/2024/texmf-dist/tex/latex/etoolbox/etoolbox.sty
Package: etoolbox 2020/10/05 v2.5k e-TeX tools for LaTeX (JAW)
\etb@tempcnta=\count300
)
\@linkdim=\dimen199
\Hy@linkcounter=\count301
\Hy@pagecounter=\count302

(e:/toolsDoc/latex/texlive/2024/texmf-dist/tex/latex/hyperref/pd1enc.def
File: pd1enc.def 2024-01-20 v7.01h Hyperref: PDFDocEncoding definition (HO)
)
(e:/toolsDoc/latex/texlive/2024/texmf-dist/tex/generic/intcalc/intcalc.sty
Package: intcalc 2019/12/15 v1.3 Expandable calculations with integers (HO)
)
\Hy@SavedSpaceFactor=\count303

(e:/toolsDoc/latex/texlive/2024/texmf-dist/tex/latex/hyperref/puenc.def
File: puenc.def 2024-01-20 v7.01h Hyperref: PDF Unicode definition (HO)
)
Package hyperref Info: Hyper figures OFF on input line 4179.
Package hyperref Info: Link nesting OFF on input line 4184.
Package hyperref Info: Hyper index ON on input line 4187.
Package hyperref Info: Plain pages OFF on input line 4194.
Package hyperref Info: Backreferencing OFF on input line 4199.
Package hyperref Info: Implicit mode ON; LaTeX internals redefined.
Package hyperref Info: Bookmarks ON on input line 4446.
\c@Hy@tempcnt=\count304

(e:/toolsDoc/latex/texlive/2024/texmf-dist/tex/latex/url/url.sty
\Urlmuskip=\muskip16
Package: url 2013/09/16  ver 3.4  Verb mode for urls, etc.
)
LaTeX Info: Redefining \url on input line 4784.
\XeTeXLinkMargin=\dimen256

(e:/toolsDoc/latex/texlive/2024/texmf-dist/tex/generic/bitset/bitset.sty
Package: bitset 2019/12/09 v1.3 Handle bit-vector datatype (HO)

(e:/toolsDoc/latex/texlive/2024/texmf-dist/tex/generic/bigintcalc/bigintcalc.st
y
Package: bigintcalc 2019/12/15 v1.5 Expandable calculations on big integers (HO
)
))
\Fld@menulength=\count305
\Field@Width=\dimen257
\Fld@charsize=\dimen258
Package hyperref Info: Hyper figures OFF on input line 6063.
Package hyperref Info: Link nesting OFF on input line 6068.
Package hyperref Info: Hyper index ON on input line 6071.
Package hyperref Info: backreferencing OFF on input line 6078.
Package hyperref Info: Link coloring OFF on input line 6083.
Package hyperref Info: Link coloring with OCG OFF on input line 6088.
Package hyperref Info: PDF/A mode OFF on input line 6093.
 (e:/toolsDoc/latex/texlive/2024/texmf-dist/tex/latex/base/atbegshi-ltx.sty
Package: atbegshi-ltx 2021/01/10 v1.0c Emulation of the original atbegshi
package with kernel methods
)
\Hy@abspage=\count306
\c@Item=\count307
\c@Hfootnote=\count308
)
Package hyperref Info: Driver (autodetected): hxetex.
 (e:/toolsDoc/latex/texlive/2024/texmf-dist/tex/latex/hyperref/hxetex.def
File: hxetex.def 2024-01-20 v7.01h Hyperref driver for XeTeX

(e:/toolsDoc/latex/texlive/2024/texmf-dist/tex/generic/stringenc/stringenc.sty
Package: stringenc 2019/11/29 v1.12 Convert strings between diff. encodings (HO
)
)
\pdfm@box=\box67
\c@Hy@AnnotLevel=\count309
\HyField@AnnotCount=\count310
\Fld@listcount=\count311
\c@bookmark@seq@number=\count312

(e:/toolsDoc/latex/texlive/2024/texmf-dist/tex/latex/rerunfilecheck/rerunfilech
eck.sty
Package: rerunfilecheck 2022-07-10 v1.10 Rerun checks for auxiliary files (HO)

(e:/toolsDoc/latex/texlive/2024/texmf-dist/tex/latex/base/atveryend-ltx.sty
Package: atveryend-ltx 2020/08/19 v1.0a Emulation of the original atveryend pac
kage
with kernel methods
)
(e:/toolsDoc/latex/texlive/2024/texmf-dist/tex/generic/uniquecounter/uniquecoun
ter.sty
Package: uniquecounter 2019/12/15 v1.4 Provide unlimited unique counter (HO)
)
Package uniquecounter Info: New unique counter `rerunfilecheck' on input line 2
85.
)
\Hy@SectionHShift=\skip63
)
(e:/toolsDoc/latex/texlive/2024/texmf-dist/tex/latex/fontawesome/fontawesome.st
y
Package: fontawesome 2016/05/15 v4.6.3.1 font awesome icons

(e:/toolsDoc/latex/texlive/2024/texmf-dist/tex/latex/fontawesome/fontawesomesym
bols-generic.tex)

e:/toolsDoc/latex/texlive/2024/texmf-dist/tex/latex/fontawesome/fontawesome.sty
:46: Package fontspec Error: The font "FontAwesome" cannot be found.

For immediate help type H <return>.
 ...                                              
                                                  
l.46 
     

A font might not be found for many reasons.
 Check the spelling, where the font is installed etc. etc.

 When in doubt, ask someone for help!



Package fontspec Info: Could not resolve font "FontAwesome/BI" (it probably
(fontspec)             doesn't exist).


Package fontspec Info: Could not resolve font "FontAwesome/B" (it probably
(fontspec)             doesn't exist).


Package fontspec Info: Could not resolve font "FontAwesome/I" (it probably
(fontspec)             doesn't exist).


e:/toolsDoc/latex/texlive/2024/texmf-dist/tex/latex/fontawesome/fontawesome.sty
:46: Package fontspec Error: The font "FontAwesome" cannot be found.

For immediate help type H <return>.
 ...                                              
                                                  
l.46 
     

A font might not be found for many reasons.
 Check the spelling, where the font is installed etc. etc.

 When in doubt, ask someone for help!



e:/toolsDoc/latex/texlive/2024/texmf-dist/tex/latex/fontawesome/fontawesome.sty
:46: Package fontspec Error: The font "FontAwesome" cannot be found.

For immediate help type H <return>.
 ...                                              
                                                  
l.46 
     

A font might not be found for many reasons.
 Check the spelling, where the font is installed etc. etc.

 When in doubt, ask someone for help!



Package fontspec Info: Font family 'FontAwesome(0)' created for font
(fontspec)             'FontAwesome' with options [].
(fontspec)              
(fontspec)              This font family consists of the following NFSS
(fontspec)             series/shapes:
(fontspec)              
(fontspec)             - 'normal' (m/n) with NFSS spec.: <->"FontAwesome"
(fontspec)             - 'small caps'  (m/sc) with NFSS spec.:
(fontspec)             <->"FontAwesome"


(e:/toolsDoc/latex/texlive/2024/texmf-dist/tex/latex/fontawesome/fontawesomesym
bols-xeluatex.tex))

../../styles/resume.cls:54: Package fontspec Error: The font "texgyretermes-reg
ular" cannot be found.

For immediate help type H <return>.
 ...                                              
                                                  
l.54 
     

A font might not be found for many reasons.
 Check the spelling, where the font is installed etc. etc.

 When in doubt, ask someone for help!



../../styles/resume.cls:54: Package fontspec Error: The font "texgyretermes-reg
ular" cannot be found.

For immediate help type H <return>.
 ...                                              
                                                  
l.54 
     

A font might not be found for many reasons.
 Check the spelling, where the font is installed etc. etc.

 When in doubt, ask someone for help!



../../styles/resume.cls:54: Package fontspec Error: The font "texgyretermes-reg
ular" cannot be found.

For immediate help type H <return>.
 ...                                              
                                                  
l.54 
     

A font might not be found for many reasons.
 Check the spelling, where the font is installed etc. etc.

 When in doubt, ask someone for help!



../../styles/resume.cls:54: Package fontspec Error: The font "Fontin-SmallCaps"
 cannot be found.

For immediate help type H <return>.
 ...                                              
                                                  
l.54 
     

A font might not be found for many reasons.
 Check the spelling, where the font is installed etc. etc.

 When in doubt, ask someone for help!



../../styles/resume.cls:54: Package fontspec Error: The font "texgyretermes-bol
d" cannot be found.

For immediate help type H <return>.
 ...                                              
                                                  
l.54 
     

A font might not be found for many reasons.
 Check the spelling, where the font is installed etc. etc.

 When in doubt, ask someone for help!



../../styles/resume.cls:54: Package fontspec Error: The font "texgyretermes-bol
d" cannot be found.

For immediate help type H <return>.
 ...                                              
                                                  
l.54 
     

A font might not be found for many reasons.
 Check the spelling, where the font is installed etc. etc.

 When in doubt, ask someone for help!



../../styles/resume.cls:54: Package fontspec Error: The font "Fontin-SmallCaps"
 cannot be found.

For immediate help type H <return>.
 ...                                              
                                                  
l.54 
     

A font might not be found for many reasons.
 Check the spelling, where the font is installed etc. etc.

 When in doubt, ask someone for help!



../../styles/resume.cls:54: Package fontspec Error: The font "texgyretermes-ita
lic" cannot be found.

For immediate help type H <return>.
 ...                                              
                                                  
l.54 
     

A font might not be found for many reasons.
 Check the spelling, where the font is installed etc. etc.

 When in doubt, ask someone for help!



../../styles/resume.cls:54: Package fontspec Error: The font "texgyretermes-ita
lic" cannot be found.

For immediate help type H <return>.
 ...                                              
                                                  
l.54 
     

A font might not be found for many reasons.
 Check the spelling, where the font is installed etc. etc.

 When in doubt, ask someone for help!



../../styles/resume.cls:54: Package fontspec Error: The font "Fontin-SmallCaps"
 cannot be found.

For immediate help type H <return>.
 ...                                              
                                                  
l.54 
     

A font might not be found for many reasons.
 Check the spelling, where the font is installed etc. etc.

 When in doubt, ask someone for help!



../../styles/resume.cls:54: Package fontspec Error: The font "texgyretermes-bol
ditalic" cannot be found.

For immediate help type H <return>.
 ...                                              
                                                  
l.54 
     

A font might not be found for many reasons.
 Check the spelling, where the font is installed etc. etc.

 When in doubt, ask someone for help!



../../styles/resume.cls:54: Package fontspec Error: The font "texgyretermes-bol
ditalic" cannot be found.

For immediate help type H <return>.
 ...                                              
                                                  
l.54 
     

A font might not be found for many reasons.
 Check the spelling, where the font is installed etc. etc.

 When in doubt, ask someone for help!



../../styles/resume.cls:54: Package fontspec Error: The font "Fontin-SmallCaps"
 cannot be found.

For immediate help type H <return>.
 ...                                              
                                                  
l.54 
     

A font might not be found for many reasons.
 Check the spelling, where the font is installed etc. etc.

 When in doubt, ask someone for help!



Package fontspec Info: Font family 'texgyretermes(0)' created for font
(fontspec)             'texgyretermes' with options [Ligatures=TeX,Path =
(fontspec)             fonts/Main/,Extension = .otf,UprightFont =
(fontspec)             *-regular,BoldFont = *-bold,ItalicFont =
(fontspec)             *-italic,BoldItalicFont = *-bolditalic,SmallCapsFont =
(fontspec)             Fontin-SmallCaps].
(fontspec)              
(fontspec)              This font family consists of the following NFSS
(fontspec)             series/shapes:
(fontspec)              
(fontspec)             - 'normal' (m/n) with NFSS spec.:
(fontspec)             <->"[fonts/Main/texgyretermes-regular.otf]/OT"
(fontspec)             - 'small caps'  (m/sc) with NFSS spec.:
(fontspec)             <->"[fonts/Main/Fontin-SmallCaps.otf]/OT"
(fontspec)             - 'bold' (b/n) with NFSS spec.:
(fontspec)             <->"[fonts/Main/texgyretermes-bold.otf]/OT"
(fontspec)             - 'bold small caps'  (b/sc) with NFSS spec.:
(fontspec)             <->"[fonts/Main/Fontin-SmallCaps.otf]/OT"
(fontspec)             - 'italic' (m/it) with NFSS spec.:
(fontspec)             <->"[fonts/Main/texgyretermes-italic.otf]/OT"
(fontspec)             - 'italic small caps'  (m/scit) with NFSS spec.:
(fontspec)             <->"[fonts/Main/Fontin-SmallCaps.otf]/OT"
(fontspec)             - 'bold italic' (b/it) with NFSS spec.:
(fontspec)             <->"[fonts/Main/texgyretermes-bolditalic.otf]/OT"
(fontspec)             - 'bold italic small caps'  (b/scit) with NFSS spec.:
(fontspec)             <->"[fonts/Main/Fontin-SmallCaps.otf]/OT"

../../styles/resume.cls:54: Font TU/texgyretermes(0)/m/n/10.95=[fonts/Main/texg
yretermes-regular.otf]/OT at 10.95pt not loadable: Metric (TFM) file or install
ed font not found.
<to be read again> 
                   relax 
l.54 
     
I wasn't able to read the size data for this font,
so I will ignore the font specification.
[Wizards can fix TFM files using TFtoPL/PLtoTF.]
You might try inserting a different font spec;
e.g., type `I\font<same font id>=<substitute font name>'.

(e:/toolsDoc/latex/texlive/2024/texmf-dist/tex/latex/geometry/geometry.sty
Package: geometry 2020/01/02 v5.9 Page Geometry

(e:/toolsDoc/latex/texlive/2024/texmf-dist/tex/generic/iftex/ifvtex.sty
Package: ifvtex 2019/10/25 v1.7 ifvtex legacy package. Use iftex instead.
)
\Gm@cnth=\count313
\Gm@cntv=\count314
\c@Gm@tempcnt=\count315
\Gm@bindingoffset=\dimen259
\Gm@wd@mp=\dimen260
\Gm@odd@mp=\dimen261
\Gm@even@mp=\dimen262
\Gm@layoutwidth=\dimen263
\Gm@layoutheight=\dimen264
\Gm@layouthoffset=\dimen265
\Gm@layoutvoffset=\dimen266
\Gm@dimlist=\toks32
)
(e:/toolsDoc/latex/texlive/2024/texmf-dist/tex/latex/titlesec/titlesec.sty
Package: titlesec 2023/10/27 v2.16 Sectioning titles
\ttl@box=\box68
\beforetitleunit=\skip64
\aftertitleunit=\skip65
\ttl@plus=\dimen267
\ttl@minus=\dimen268
\ttl@toksa=\toks33
\titlewidth=\dimen269
\titlewidthlast=\dimen270
\titlewidthfirst=\dimen271
)
(e:/toolsDoc/latex/texlive/2024/texmf-dist/tex/latex/enumitem/enumitem.sty
Package: enumitem 2019/06/20 v3.9 Customized lists
\labelindent=\skip66
\enit@outerparindent=\dimen272
\enit@toks=\toks34
\enit@inbox=\box69
\enit@count@id=\count316
\enitdp@description=\count317
)
(e:/toolsDoc/latex/texlive/2024/texmf-dist/tex/generic/nth/nth.sty
Package: nth 2002/02/27
))
(e:/toolsDoc/latex/texlive/2024/texmf-dist/tex/latex/fontawesome5/fontawesome5.
sty
Package: fontawesome5 2022/05/02 v5.15.4 Font Awesome 5


e:/toolsDoc/latex/texlive/2024/texmf-dist/tex/latex/fontawesome5/fontawesome5.s
ty:26: Package fontawesome5 Error: Incompatible version of Font Awesome already

(fontawesome5)                loaded

For immediate help type H <return>.
 ...                                              
                                                  
l.26 ...:nn {fontawesome5} {incompatible-version}}
                                                  

You tried to load the fontawesome5 package but there are already some icons
from Font Awesome defined in your document. This probably means that a package
for another version of Font Awesome (likely the fontawesome package for Font
Awesome 4) is already loaded. Loading multiple versions is not supported.
Please remove all but one version of Font Awesome from your document.



e:/toolsDoc/latex/texlive/2024/texmf-dist/tex/latex/fontawesome5/fontawesome5.s
ty:27: Package fontawesome5 Error: Incompatible version of Font Awesome already

(fontawesome5)                loaded

For immediate help type H <return>.
 ...                                              
                                                  
l.27 ...:nn {fontawesome5} {incompatible-version}}
                                                  

You tried to load the fontawesome5 package but there are already some icons
from Font Awesome defined in your document. This probably means that a package
for another version of Font Awesome (likely the fontawesome package for Font
Awesome 4) is already loaded. Loading multiple versions is not supported.
Please remove all but one version of Font Awesome from your document.



(e:/toolsDoc/latex/texlive/2024/texmf-dist/tex/latex/l3packages/l3keys2e/l3keys
2e.sty
Package: l3keys2e 2024-02-18 LaTeX2e option processing using LaTeX3 keys
)
(e:/toolsDoc/latex/texlive/2024/texmf-dist/tex/latex/fontawesome5/fontawesome5-
utex-helper.sty
Package: fontawesome5-utex-helper 2022/05/02 v5.15.4 uTeX helper for fontawesom
e5
LaTeX Font Info:    Trying to load font information for TU+fontawesomefree on i
nput line 69.

(e:/toolsDoc/latex/texlive/2024/texmf-dist/tex/latex/fontawesome5/tufontawesome
free.fd)
LaTeX Font Info:    Trying to load font information for TU+fontawesomebrands on
 input line 70.

(e:/toolsDoc/latex/texlive/2024/texmf-dist/tex/latex/fontawesome5/tufontawesome
brands.fd))

e:/toolsDoc/latex/texlive/2024/texmf-dist/tex/latex/fontawesome5/fontawesome5.s
ty:91: LaTeX cmd Error: Command '\faRepeat' already defined.

For immediate help type H <return>.
 ...                                              
                                                  
l.91 }
      

You have used \NewDocumentCommand with a command that already has a
definition.

The existing definition of '\faRepeat' will not be altered.



e:/toolsDoc/latex/texlive/2024/texmf-dist/tex/latex/fontawesome5/fontawesome5.s
ty:136: LaTeX cmd Error: Command '\faWifi' already defined.

For immediate help type H <return>.
 ...                                              
                                                  
l.136 }
       

You have used \NewDocumentCommand with a command that already has a
definition.

The existing definition of '\faWifi' will not be altered.



e:/toolsDoc/latex/texlive/2024/texmf-dist/tex/latex/fontawesome5/fontawesome5.s
ty:156: LaTeX cmd Error: Command '\faSignal' already defined.

For immediate help type H <return>.
 ...                                              
                                                  
l.156 }
       

You have used \NewDocumentCommand with a command that already has a
definition.

The existing definition of '\faSignal' will not be altered.


) (../../styles/zh_CN-Adobefonts_external.sty

LaTeX Warning: You have requested package `../../styles/zh_CN-Adobefonts_extern
al',
               but the package provides `zh_CN-Adobefonts_external'.

Package: zh_CN-Adobefonts_external 2015/05/25 zh_CN-Adobefonts_external Package

(e:/toolsDoc/latex/texlive/2024/texmf-dist/tex/xelatex/xecjk/xeCJK.sty
Package: xeCJK 2022/08/05 v3.9.1 Typesetting CJK scripts with XeLaTeX

(e:/toolsDoc/latex/texlive/2024/texmf-dist/tex/latex/ctex/ctexhook.sty
Package: ctexhook 2022/07/14 v2.5.10 Document and package hooks (CTEX)
)
(e:/toolsDoc/latex/texlive/2024/texmf-dist/tex/latex/l3packages/xtemplate/xtemp
late.sty
(e:/toolsDoc/latex/texlive/2024/texmf-dist/tex/latex/l3packages/xtemplate/xtemp
late-2023-10-10.sty
Package: xtemplate 2023-10-10 L3 Experimental prototype document functions
\l__xtemplate_tmp_dim=\dimen273
\l__xtemplate_tmp_int=\count318
\l__xtemplate_tmp_muskip=\muskip17
\l__xtemplate_tmp_skip=\skip67
))
\l__xeCJK_tmp_int=\count319
\l__xeCJK_tmp_box=\box70
\l__xeCJK_tmp_dim=\dimen274
\l__xeCJK_tmp_skip=\skip68
\g__xeCJK_space_factor_int=\count320
\l__xeCJK_begin_int=\count321
\l__xeCJK_end_int=\count322
\c__xeCJK_CJK_class_int=\XeTeXcharclass1
\c__xeCJK_FullLeft_class_int=\XeTeXcharclass2
\c__xeCJK_FullRight_class_int=\XeTeXcharclass3
\c__xeCJK_HalfLeft_class_int=\XeTeXcharclass4
\c__xeCJK_HalfRight_class_int=\XeTeXcharclass5
\c__xeCJK_NormalSpace_class_int=\XeTeXcharclass6
\c__xeCJK_CM_class_int=\XeTeXcharclass7
\c__xeCJK_HangulJamo_class_int=\XeTeXcharclass8
\l__xeCJK_last_skip=\skip69
\c__xeCJK_none_node=\count323
\g__xeCJK_node_int=\count324
\c__xeCJK_CJK_node_dim=\dimen275
\c__xeCJK_CJK-space_node_dim=\dimen276
\c__xeCJK_default_node_dim=\dimen277
\c__xeCJK_CJK-widow_node_dim=\dimen278
\c__xeCJK_normalspace_node_dim=\dimen279
\c__xeCJK_default-space_node_skip=\skip70
\l__xeCJK_ccglue_skip=\skip71
\l__xeCJK_ecglue_skip=\skip72
\l__xeCJK_punct_kern_skip=\skip73
\l__xeCJK_indent_box=\box71
\l__xeCJK_last_penalty_int=\count325
\l__xeCJK_last_bound_dim=\dimen280
\l__xeCJK_last_kern_dim=\dimen281
\l__xeCJK_widow_penalty_int=\count326

Package xtemplate Info: Declaring object type 'xeCJK/punctuation' taking 0
(xtemplate)             argument(s) on line 2396.

\l__xeCJK_fixed_punct_width_dim=\dimen282
\l__xeCJK_mixed_punct_width_dim=\dimen283
\l__xeCJK_middle_punct_width_dim=\dimen284
\l__xeCJK_fixed_margin_width_dim=\dimen285
\l__xeCJK_mixed_margin_width_dim=\dimen286
\l__xeCJK_middle_margin_width_dim=\dimen287
\l__xeCJK_bound_punct_width_dim=\dimen288
\l__xeCJK_bound_margin_width_dim=\dimen289
\l__xeCJK_margin_minimum_dim=\dimen290
\l__xeCJK_kerning_total_width_dim=\dimen291
\l__xeCJK_same_align_margin_dim=\dimen292
\l__xeCJK_different_align_margin_dim=\dimen293
\l__xeCJK_kerning_margin_width_dim=\dimen294
\l__xeCJK_kerning_margin_minimum_dim=\dimen295
\l__xeCJK_bound_dim=\dimen296
\l__xeCJK_reverse_bound_dim=\dimen297
\l__xeCJK_margin_dim=\dimen298
\l__xeCJK_minimum_bound_dim=\dimen299
\l__xeCJK_kerning_margin_dim=\dimen300
\g__xeCJK_family_int=\count327
\l__xeCJK_fam_int=\count328
\g__xeCJK_fam_allocation_int=\count329
\l__xeCJK_verb_case_int=\count330
\l__xeCJK_verb_exspace_skip=\skip74

(e:/toolsDoc/latex/texlive/2024/texmf-dist/tex/xelatex/xecjk/xeCJK.cfg
File: xeCJK.cfg 2022/08/05 v3.9.1 Configuration file for xeCJK package
))

Package fontspec Info: Font family 'AdobeSongStd-Light.otf(0)' created for
(fontspec)             font 'AdobeSongStd-Light.otf' with options [Path =
(fontspec)             ../../assets/fonts/zh_CN-Adobe/,Mapping=tex-text,Script=
{CJK},SmallCapsFont={AdobeHeitiStd-Regular.otf},BoldFont={AdobeHeitiStd-Regular
.otf},ItalicFont={AdobeKaitiStd-Regular.otf}].
(fontspec)              
(fontspec)              This font family consists of the following NFSS
(fontspec)             series/shapes:
(fontspec)              
(fontspec)             - 'normal' (m/n) with NFSS spec.:
(fontspec)             <->"[../../assets/fonts/zh_CN-Adobe/AdobeSongStd-Light.o
tf]/OT:script=hani;language=dflt;mapping=tex-text;"
(fontspec)             - 'small caps'  (m/sc) with NFSS spec.:
(fontspec)             <->"[../../assets/fonts/zh_CN-Adobe/AdobeHeitiStd-Regula
r.otf]/OT:script=hani;language=dflt;mapping=tex-text;"
(fontspec)             - 'bold' (b/n) with NFSS spec.:
(fontspec)             <->"[../../assets/fonts/zh_CN-Adobe/AdobeHeitiStd-Regula
r.otf]/OT:script=hani;language=dflt;mapping=tex-text;"
(fontspec)             - 'bold small caps'  (b/sc) with NFSS spec.:
(fontspec)             <->"[../../assets/fonts/zh_CN-Adobe/AdobeHeitiStd-Regula
r.otf]/OT:script=hani;language=dflt;mapping=tex-text;"
(fontspec)             - 'italic' (m/it) with NFSS spec.:
(fontspec)             <->"[../../assets/fonts/zh_CN-Adobe/AdobeKaitiStd-Regula
r.otf]/OT:script=hani;language=dflt;mapping=tex-text;"
(fontspec)             - 'italic small caps'  (m/scit) with NFSS spec.:
(fontspec)             <->"[../../assets/fonts/zh_CN-Adobe/AdobeHeitiStd-Regula
r.otf]/OT:script=hani;language=dflt;mapping=tex-text;"

)
(../../styles/linespacing_fix.sty

LaTeX Warning: You have requested package `../../styles/linespacing_fix',
               but the package provides `linespacing_fix'.

Package: linespacing_fix 2015/06/06 linespacing_fix Package
(e:/toolsDoc/latex/texlive/2024/texmf-dist/tex/latex/setspace/setspace.sty
Package: setspace 2022/12/04 v6.7b set line spacing
)
\modparskip=\skip75
\modbaselineskip=\skip76
)
(e:/toolsDoc/latex/texlive/2024/texmf-dist/tex/latex/tools/indentfirst.sty
Package: indentfirst 2023/07/02 v1.03 Indent first paragraph (DPC)
)
(e:/toolsDoc/latex/texlive/2024/texmf-dist/tex/latex/cite/cite.sty
LaTeX Info: Redefining \cite on input line 302.
LaTeX Info: Redefining \nocite on input line 332.
Package: cite 2015/02/27  v 5.5
)
(e:/toolsDoc/latex/texlive/2024/texmf-dist/tex/latex/base/inputenc.sty
Package: inputenc 2021/02/14 v1.3d Input encoding file
\inpenc@prehook=\toks35
\inpenc@posthook=\toks36


Package inputenc Warning: inputenc package ignored with utf8 based engines.

) (e:/toolsDoc/latex/texlive/2024/texmf-dist/tex/latex/base/fontenc.sty
Package: fontenc 2021/04/29 v2.0v Standard LaTeX package
LaTeX Font Info:    Trying to load font information for T1+texgyretermes(0) on 
input line 112.
LaTeX Font Info:    No file T1texgyretermes(0).fd. on input line 112.


LaTeX Font Warning: Font shape `T1/texgyretermes(0)/m/n' undefined
(Font)              using `T1/cmr/m/n' instead on input line 112.

)
No file 后端实习-saas+oj-2页.aux.
\openout1 = `后端实习-saas+oj-2页.aux'.

LaTeX Font Info:    Checking defaults for OML/cmm/m/it on input line 16.
LaTeX Font Info:    ... okay on input line 16.
LaTeX Font Info:    Checking defaults for OMS/cmsy/m/n on input line 16.
LaTeX Font Info:    ... okay on input line 16.
LaTeX Font Info:    Checking defaults for OT1/cmr/m/n on input line 16.
LaTeX Font Info:    ... okay on input line 16.
LaTeX Font Info:    Checking defaults for T1/cmr/m/n on input line 16.
LaTeX Font Info:    ... okay on input line 16.
LaTeX Font Info:    Checking defaults for TS1/cmr/m/n on input line 16.
LaTeX Font Info:    Trying to load font information for TS1+cmr on input line 1
6.
(e:/toolsDoc/latex/texlive/2024/texmf-dist/tex/latex/base/ts1cmr.fd
File: ts1cmr.fd 2023/04/13 v2.5m Standard LaTeX font definitions
)
LaTeX Font Info:    ... okay on input line 16.
LaTeX Font Info:    Checking defaults for TU/lmr/m/n on input line 16.
LaTeX Font Info:    ... okay on input line 16.
LaTeX Font Info:    Checking defaults for OMX/cmex/m/n on input line 16.
LaTeX Font Info:    ... okay on input line 16.
LaTeX Font Info:    Checking defaults for U/cmr/m/n on input line 16.
LaTeX Font Info:    ... okay on input line 16.
LaTeX Font Info:    Checking defaults for PD1/pdf/m/n on input line 16.
LaTeX Font Info:    ... okay on input line 16.
LaTeX Font Info:    Checking defaults for PU/pdf/m/n on input line 16.
LaTeX Font Info:    ... okay on input line 16.

Package fontspec Info: Adjusting the maths setup (use [no-math] to avoid
(fontspec)             this).

\symlegacymaths=\mathgroup4
LaTeX Font Info:    Overwriting symbol font `legacymaths' in version `bold'
(Font)                  OT1/cmr/m/n --> OT1/cmr/bx/n on input line 16.
LaTeX Font Info:    Redeclaring math accent \acute on input line 16.
LaTeX Font Info:    Redeclaring math accent \grave on input line 16.
LaTeX Font Info:    Redeclaring math accent \ddot on input line 16.
LaTeX Font Info:    Redeclaring math accent \tilde on input line 16.
LaTeX Font Info:    Redeclaring math accent \bar on input line 16.
LaTeX Font Info:    Redeclaring math accent \breve on input line 16.
LaTeX Font Info:    Redeclaring math accent \check on input line 16.
LaTeX Font Info:    Redeclaring math accent \hat on input line 16.
LaTeX Font Info:    Redeclaring math accent \dot on input line 16.
LaTeX Font Info:    Redeclaring math accent \mathring on input line 16.
LaTeX Font Info:    Redeclaring math symbol \colon on input line 16.
LaTeX Font Info:    Redeclaring math symbol \Gamma on input line 16.
LaTeX Font Info:    Redeclaring math symbol \Delta on input line 16.
LaTeX Font Info:    Redeclaring math symbol \Theta on input line 16.
LaTeX Font Info:    Redeclaring math symbol \Lambda on input line 16.
LaTeX Font Info:    Redeclaring math symbol \Xi on input line 16.
LaTeX Font Info:    Redeclaring math symbol \Pi on input line 16.
LaTeX Font Info:    Redeclaring math symbol \Sigma on input line 16.
LaTeX Font Info:    Redeclaring math symbol \Upsilon on input line 16.
LaTeX Font Info:    Redeclaring math symbol \Phi on input line 16.
LaTeX Font Info:    Redeclaring math symbol \Psi on input line 16.
LaTeX Font Info:    Redeclaring math symbol \Omega on input line 16.
LaTeX Font Info:    Redeclaring math symbol \mathdollar on input line 16.
LaTeX Font Info:    Redeclaring symbol font `operators' on input line 16.
LaTeX Font Info:    Encoding `OT1' has changed to `TU' for symbol font
(Font)              `operators' in the math version `normal' on input line 16.
LaTeX Font Info:    Overwriting symbol font `operators' in version `normal'
(Font)                  OT1/cmr/m/n --> TU/texgyretermes(0)/m/n on input line 1
6.
LaTeX Font Info:    Encoding `OT1' has changed to `TU' for symbol font
(Font)              `operators' in the math version `bold' on input line 16.
LaTeX Font Info:    Overwriting symbol font `operators' in version `bold'
(Font)                  OT1/cmr/bx/n --> TU/texgyretermes(0)/m/n on input line 
16.
LaTeX Font Info:    Overwriting symbol font `operators' in version `normal'
(Font)                  TU/texgyretermes(0)/m/n --> TU/texgyretermes(0)/m/n on 
input line 16.
LaTeX Font Info:    Overwriting math alphabet `\mathit' in version `normal'
(Font)                  OT1/cmr/m/it --> TU/texgyretermes(0)/m/it on input line
 16.
LaTeX Font Info:    Overwriting math alphabet `\mathbf' in version `normal'
(Font)                  OT1/cmr/bx/n --> TU/texgyretermes(0)/b/n on input line 
16.
LaTeX Font Info:    Overwriting math alphabet `\mathsf' in version `normal'
(Font)                  OT1/cmss/m/n --> TU/lmss/m/n on input line 16.
LaTeX Font Info:    Overwriting math alphabet `\mathtt' in version `normal'
(Font)                  OT1/cmtt/m/n --> TU/lmtt/m/n on input line 16.
LaTeX Font Info:    Overwriting symbol font `operators' in version `bold'
(Font)                  TU/texgyretermes(0)/m/n --> TU/texgyretermes(0)/b/n on 
input line 16.
LaTeX Font Info:    Overwriting math alphabet `\mathit' in version `bold'
(Font)                  OT1/cmr/bx/it --> TU/texgyretermes(0)/b/it on input lin
e 16.
LaTeX Font Info:    Overwriting math alphabet `\mathsf' in version `bold'
(Font)                  OT1/cmss/bx/n --> TU/lmss/b/n on input line 16.
LaTeX Font Info:    Overwriting math alphabet `\mathtt' in version `bold'
(Font)                  OT1/cmtt/m/n --> TU/lmtt/b/n on input line 16.
Package hyperref Info: Link coloring OFF on input line 16.
\@outlinefile=\write4
\openout4 = `后端实习-saas+oj-2页.out'.



Package hyperref Warning: Rerun to get /PageLabels entry.

*geometry* driver: auto-detecting
*geometry* detected driver: xetex
*geometry* verbose mode - [ preamble ] result:
* driver: xetex
* paper: a4paper
* layout: <same size as paper>
* layoutoffset:(h,v)=(0.0pt,0.0pt)
* modes: 
* h-part:(L,W,R)=(43.36243pt, 496.32924pt, 57.81621pt)
* v-part:(T,H,B)=(28.90755pt, 772.77687pt, 43.36243pt)
* \paperwidth=597.50787pt
* \paperheight=845.04684pt
* \textwidth=496.32924pt
* \textheight=772.77687pt
* \oddsidemargin=-28.90756pt
* \evensidemargin=-28.90756pt
* \topmargin=-43.36244pt
* \headheight=0.0pt
* \headsep=0.0pt
* \topskip=11.0pt
* \footskip=30.0pt
* \marginparwidth=59.0pt
* \marginparsep=10.0pt
* \columnsep=10.0pt
* \skip\footins=10.0pt plus 4.0pt minus 2.0pt
* \hoffset=0.0pt
* \voffset=0.0pt
* \mag=1000
* \@twocolumnfalse
* \@twosidefalse
* \@mparswitchfalse
* \@reversemarginfalse
* (1in=72.27pt=25.4mm, 1cm=28.453pt)


LaTeX Font Warning: Font shape `T1/texgyretermes(0)/m/sc' undefined
(Font)              using `T1/texgyretermes(0)/m/n' instead on input line 23.

LaTeX Font Info:    Trying to load font information for T1+lmss on input line 2
8.
(e:/toolsDoc/latex/texlive/2024/texmf-dist/tex/latex/lm/t1lmss.fd
File: t1lmss.fd 2015/05/01 v1.6.1 Font defs for Latin Modern
)

Package fontspec Info: Font family 'AdobeHeitiStd-Regular.otf(0)' created for
(fontspec)             font 'AdobeHeitiStd-Regular.otf' with options [Path =
(fontspec)             ../../assets/fonts/zh_CN-Adobe/,Mapping=tex-text,Script=
{CJK}].
(fontspec)              
(fontspec)              This font family consists of the following NFSS
(fontspec)             series/shapes:
(fontspec)              
(fontspec)             - 'normal' (m/n) with NFSS spec.:
(fontspec)             <->"[../../assets/fonts/zh_CN-Adobe/AdobeHeitiStd-Regula
r.otf]/OT:script=hani;language=dflt;mapping=tex-text;"
(fontspec)             - 'small caps'  (m/sc) with NFSS spec.: 

LaTeX Font Info:    Trying to load font information for TS1+lmss on input line 
28.

(e:/toolsDoc/latex/texlive/2024/texmf-dist/tex/latex/lm/ts1lmss.fd
File: ts1lmss.fd 2015/05/01 v1.6.1 Font defs for Latin Modern
)
./后端实习-saas+oj-2页.tex:32: Font TU/texgyretermes(0)/m/n/8=[fonts/Main/texgyreter
mes-regular.otf]/OT at 8.0pt not loadable: Metric (TFM) file or installed font 
not found.
<to be read again> 
                   relax 
l.32   \end{minipage}
                     
I wasn't able to read the size data for this font,
so I will ignore the font specification.
[Wizards can fix TFM files using TFtoPL/PLtoTF.]
You might try inserting a different font spec;
e.g., type `I\font<same font id>=<substitute font name>'.

./后端实习-saas+oj-2页.tex:32: Font TU/texgyretermes(0)/m/n/6=[fonts/Main/texgyreter
mes-regular.otf]/OT at 6.0pt not loadable: Metric (TFM) file or installed font 
not found.
<to be read again> 
                   relax 
l.32   \end{minipage}
                     
I wasn't able to read the size data for this font,
so I will ignore the font specification.
[Wizards can fix TFM files using TFtoPL/PLtoTF.]
You might try inserting a different font spec;
e.g., type `I\font<same font id>=<substitute font name>'.

LaTeX Font Info:    External font `cmex10' loaded for size
(Font)              <10.95> on input line 32.
LaTeX Font Info:    External font `cmex10' loaded for size
(Font)              <8> on input line 32.
LaTeX Font Info:    External font `cmex10' loaded for size
(Font)              <6> on input line 32.
File: ../../assets/images/photo.jpg Graphic file (type bmp)
<../../assets/images/photo.jpg>

Package hyperref Warning: Token not allowed in a PDF string (Unicode):
(hyperref)                removing `\faPreselectedIcon' on input line 42.


LaTeX Font Warning: Font shape `T1/texgyretermes(0)/b/n' undefined
(Font)              using `T1/texgyretermes(0)/m/n' instead on input line 44.


LaTeX Font Warning: Font shape `T1/texgyretermes(0)/m/it' undefined
(Font)              using `T1/texgyretermes(0)/m/n' instead on input line 44.

LaTeX Font Info:    Trying to load font information for TS1+texgyretermes(0) on
 input line 45.
LaTeX Font Info:    No file TS1texgyretermes(0).fd. on input line 45.

LaTeX Font Warning: Font shape `TS1/texgyretermes(0)/m/n' undefined
(Font)              using `TS1/cmr/m/n' instead
(Font)              for symbol `textbullet' on input line 45.


Package hyperref Warning: Token not allowed in a PDF string (Unicode):
(hyperref)                removing `\faPreselectedIcon' on input line 54.


Package xeCJK Warning: Unknown CJK family `\CJKttdefault' is being ignored.
(xeCJK)                
(xeCJK)                Try to use `\setCJKmonofont[<...>]{<...>}' to define
(xeCJK)                it.

LaTeX Font Info:    Trying to load font information for T1+lmtt on input line 6
1.
(e:/toolsDoc/latex/texlive/2024/texmf-dist/tex/latex/lm/t1lmtt.fd
File: t1lmtt.fd 2015/05/01 v1.6.1 Font defs for Latin Modern
)

Package hyperref Warning: Token not allowed in a PDF string (Unicode):
(hyperref)                removing `\faPreselectedIcon' on input line 94.

[1

] [2] (E:/toolsDoc/latex/doc-resume/out/后端实习-saas+oj-2页.aux)
 ***********
LaTeX2e <2023-11-01> patch level 1
L3 programming layer <2022/08/05>
 ***********


LaTeX Font Warning: Some font shapes were not available, defaults substituted.


LaTeX Warning: Label(s) may have changed. Rerun to get cross-references right.


Package rerunfilecheck Warning: File `后端实习-saas+oj-2页.out' has changed.
(rerunfilecheck)                Rerun to get outlines right
(rerunfilecheck)                or use package `bookmark'.

Package rerunfilecheck Info: Checksums for `后端实习-saas+oj-2页.out':
(rerunfilecheck)             Before: <no file>
(rerunfilecheck)             After:  9DEC21788B48FBB67E5063F19F295E71;1048.
 ) 
Here is how much of TeX's memory you used:
 27623 strings out of 476720
 586643 string characters out of 5800850
 1972842 words of memory out of 5000000
 49181 multiletter control sequences out of 15000+600000
 571545 words of font info for 76 fonts, out of 8000000 for 9000
 36 hyphenation exceptions out of 8191
 114i,5n,121p,471b,560s stack positions out of 10000i,1000n,20000p,200000b,200000s

Output written on E:/toolsDoc/latex/doc-resume/out/后端实习-saas+oj-2页.pdf (2 pages
).
